2020-12-28 09:40:54 [info] WmsException Code:404 Message: no route match : 
2020-12-28 09:41:08 [info] WmsException Code:404 Message: no route match : 
2020-12-28 09:42:09 [info] WmsException Code:401 Message: 没有权限
2020-12-28 09:42:09 [info] WmsException Code:404 Message: no route match : 
2020-12-28 09:42:16 [info] WmsException Code:401 Message: 没有权限
2020-12-28 09:42:16 [info] WmsException Code:404 Message: no route match : 
2020-12-28 09:42:22 [info] WmsException Code:401 Message: 没有权限
2020-12-28 09:42:22 [info] WmsException Code:404 Message: no route match : 
2020-12-28 09:42:25 [info] WmsException Code:401 Message: 没有权限
2020-12-28 09:42:25 [info] WmsException Code:404 Message: no route match : 
2020-12-28 09:44:41 [info] WmsException Code:401 Message: 没有权限
2020-12-28 09:44:41 [info] WmsException Code:404 Message: no route match : 
2020-12-28 09:45:08 [info] WmsException Code:401 Message: 没有权限
2020-12-28 09:45:08 [info] WmsException Code:404 Message: no route match : 
2020-12-28 09:45:22 [info] WmsException Code:401 Message: 没有权限
2020-12-28 09:45:22 [info] WmsException Code:404 Message: no route match : 
2020-12-28 09:46:23 [info] WmsException Code:401 Message: 没有权限
2020-12-28 09:46:23 [info] WmsException Code:404 Message: no route match : 
2020-12-28 09:46:45 [info] WmsException Code:401 Message: 没有权限
2020-12-28 09:46:45 [info] WmsException Code:404 Message: no route match : 
2020-12-28 09:47:18 [info] WmsException Code:401 Message: 没有权限
2020-12-28 09:47:18 [info] WmsException Code:404 Message: no route match : 
2020-12-28 09:48:06 [info] WmsException Code:401 Message: 没有权限
2020-12-28 09:48:06 [info] WmsException Code:404 Message: no route match : 
2020-12-28 09:49:06 [info] WmsException Code:401 Message: 没有权限
2020-12-28 09:49:06 [info] WmsException Code:404 Message: no route match : 
2020-12-28 09:54:55 [info] WmsException Code:401 Message: 没有权限
2020-12-28 09:54:55 [info] WmsException Code:404 Message: no route match : 
2020-12-28 09:55:01 [info] WmsException Code:401 Message: 没有权限
2020-12-28 09:55:01 [info] WmsException Code:404 Message: no route match : 
2020-12-28 09:55:11 [info] WmsException Code:401 Message: 没有权限
2020-12-28 09:55:12 [info] WmsException Code:404 Message: no route match : 
2020-12-28 09:55:40 [info] WmsException Code:401 Message: 没有权限
2020-12-28 09:55:40 [info] WmsException Code:404 Message: no route match : 
2020-12-28 09:56:25 [info] WmsException Code:401 Message: 没有权限
2020-12-28 09:56:25 [info] WmsException Code:404 Message: no route match : 
2020-12-28 11:34:03 [info] WmsException Code:404 Message: no route match : 
2020-12-28 11:34:05 [info] WmsException Code:404 Message: no route match : 
2020-12-28 11:34:10 [info] WmsException Code:401 Message: 没有权限
2020-12-28 11:34:10 [info] WmsException Code:404 Message: no route match : 
2020-12-28 13:56:48 [info] WmsException Code:401 Message: 没有权限
2020-12-28 14:01:24 [info] WmsException Code:500 Message: 1064 : You have an error in your SQL syntax; check the manual that corresponds to your MySQL server version for the right syntax to use near 'FROM `admin` WHERE id = ""' at line 1 [SELECT  FROM `admin` WHERE id = ""]
2020-12-28 14:01:32 [info] WmsException Code:500 Message: 1064 : You have an error in your SQL syntax; check the manual that corresponds to your MySQL server version for the right syntax to use near 'FROM `admin` WHERE id = ""' at line 1 [SELECT  FROM `admin` WHERE id = ""]
2020-12-28 14:01:34 [info] WmsException Code:500 Message: 1064 : You have an error in your SQL syntax; check the manual that corresponds to your MySQL server version for the right syntax to use near 'FROM `admin` WHERE id = ""' at line 1 [SELECT  FROM `admin` WHERE id = ""]
2020-12-28 14:01:36 [info] WmsException Code:500 Message: 1064 : You have an error in your SQL syntax; check the manual that corresponds to your MySQL server version for the right syntax to use near 'FROM `admin` WHERE id = ""' at line 1 [SELECT  FROM `admin` WHERE id = ""]
2020-12-28 14:02:13 [info] WmsException Code:500 Message: App\Control\Login File Not Found
2020-12-28 14:02:42 [info] WmsException Code:500 Message: 帐号不存在
2020-12-28 14:02:44 [info] WmsException Code:500 Message: 帐号不存在
